This is LuaTeX, Version 1.07.0 (TeX Live 2019/dev/Debian)  (format=lualatex 2020.5.8)  2 APR 2021 15:37
 restricted system commands enabled.
**GF2.tex
(./GF2.tex
LaTeX2e <2018-12-01>
Lua module: luaotfload-main 2019-02-14 2.96 luaotfload entry point
Lua module: luaotfload-init 2019-02-14 2.96 luaotfload submodule / initializatio
n
Lua module: lualibs 2019-02-14 2.64 ConTeXt Lua standard libraries.
Lua module: lualibs-extended 2019-02-14 2.64 ConTeXt Lua libraries -- extended c
ollection.
Lua module: luaotfload-log 2019-02-14 2.96 luaotfload submodule / logging
Lua module: luaotfload-parsers 2019-02-14 2.96 luaotfload submodule / filelist
Lua module: luaotfload-configuration 2019-02-14 2.96 luaotfload submodule / conf
ig file reader
luaotfload | conf : Root cache directory is /home/foucaut/.texlive2018/texmf-var
/luatex-cache/generic/names.
luaotfload | init : Loading fontloader “fontloader-2019-02-14.lua” from kpse
-resolved path “/usr/share/texlive/texmf-dist/tex/luatex/luaotfload/fontloader
-2019-02-14.lua”.
Lua-only attribute luaotfload@state = 1
Lua-only attribute luaotfload@noligature = 2
Lua-only attribute luaotfload@syllabe = 3
luaotfload | init : Context OpenType loader version “3.107”
Inserting `luaotfload.node_processor' at position 1 in `pre_linebreak_filter'.
Inserting `luaotfload.node_processor' at position 1 in `hpack_filter'.
Lua module: luaotfload-loaders 2019-02-14 2.96 luaotfload submodule / callback h
andling
Inserting `luaotfload.define_font' at position 1 in `define_font'.
Lua module: luaotfload-database 2019-02-14 2.96 luaotfload submodule / database
Lua module: luaotfload-colors 2019-02-14 2.96 luaotfload submodule / color
Lua-only attribute luaotfload_color_attribute = 4
Lua module: luaotfload-resolvers 2019-02-14 2.96 luaotfload submodule / resolver
s
luaotfload | conf : Root cache directory is /home/foucaut/.texlive2018/texmf-var
/luatex-cache/generic/names.
Lua module: luaotfload-features 2019-02-14 2.96 luaotfload submodule / features
Lua module: luaotfload-letterspace 2019-02-14 2.96 luaotfload submodule / color
Lua module: luaotfload-auxiliary 2019-02-14 2.96 luaotfload submodule / auxiliar
y functions
Inserting `luaotfload.aux.set_sscale_dimens' at position 1 in `luaotfload.patch_
font'.
Inserting `luaotfload.aux.patch_cambria_domh' at position 2 in `luaotfload.patch
_font'.
Inserting `luaotfload.aux.fixup_fontdata' at position 1 in `luaotfload.patch_fon
t_unsafe'.
Inserting `luaotfload.aux.set_capheight' at position 3 in `luaotfload.patch_font
'.
Inserting `luaotfload.rewrite_fontname' at position 4 in `luaotfload.patch_font'
.
luaotfload | main : initialization completed in 0.051 seconds
(/usr/share/texlive/texmf-dist/tex/latex/base/article.cls
Document Class: article 2018/09/03 v1.4i Standard LaTeX document class
(/usr/share/texlive/texmf-dist/tex/latex/base/size12.clo
File: size12.clo 2018/09/03 v1.4i Standard LaTeX file (size option)
luaotfload | db : Font names database loaded from /home/foucaut/.texlive2018/tex
mf-var/luatex-cache/generic/names/luaotfload-names.luc)
\c@part=\count80
\c@section=\count81
\c@subsection=\count82
\c@subsubsection=\count83
\c@paragraph=\count84
\c@subparagraph=\count85
\c@figure=\count86
\c@table=\count87
\abovecaptionskip=\skip41
\belowcaptionskip=\skip42
\bibindent=\dimen102
)
(/usr/share/texlive/texmf-dist/tex/latex/base/inputenc.sty
Package: inputenc 2018/08/11 v1.3c Input encoding file
\inpenc@prehook=\toks14
\inpenc@posthook=\toks15


Package inputenc Warning: inputenc package ignored with utf8 based engines.

) (/usr/share/texlive/texmf-dist/tex/latex/base/fontenc.sty
Package: fontenc 2018/08/11 v2.0j Standard LaTeX package

(/usr/share/texlive/texmf-dist/tex/latex/base/t1enc.def
File: t1enc.def 2018/08/11 v2.0j Standard LaTeX file
LaTeX Font Info:    Redeclaring font encoding T1 on input line 48.
)
LaTeX Font Info:    Try loading font information for T1+lmr on input line 105.

(/usr/share/texmf/tex/latex/lm/t1lmr.fd
File: t1lmr.fd 2009/10/30 v1.6 Font defs for Latin Modern
))
(/usr/share/texmf/tex/latex/lm/lmodern.sty
Package: lmodern 2009/10/30 v1.6 Latin Modern Fonts
LaTeX Font Info:    Overwriting symbol font `operators' in version `normal'
(Font)                  OT1/cmr/m/n --> OT1/lmr/m/n on input line 22.
LaTeX Font Info:    Overwriting symbol font `letters' in version `normal'
(Font)                  OML/cmm/m/it --> OML/lmm/m/it on input line 23.
LaTeX Font Info:    Overwriting symbol font `symbols' in version `normal'
(Font)                  OMS/cmsy/m/n --> OMS/lmsy/m/n on input line 24.
LaTeX Font Info:    Overwriting symbol font `largesymbols' in version `normal'
(Font)                  OMX/cmex/m/n --> OMX/lmex/m/n on input line 25.
LaTeX Font Info:    Overwriting symbol font `operators' in version `bold'
(Font)                  OT1/cmr/bx/n --> OT1/lmr/bx/n on input line 26.
LaTeX Font Info:    Overwriting symbol font `letters' in version `bold'
(Font)                  OML/cmm/b/it --> OML/lmm/b/it on input line 27.
LaTeX Font Info:    Overwriting symbol font `symbols' in version `bold'
(Font)                  OMS/cmsy/b/n --> OMS/lmsy/b/n on input line 28.
LaTeX Font Info:    Overwriting symbol font `largesymbols' in version `bold'
(Font)                  OMX/cmex/m/n --> OMX/lmex/m/n on input line 29.
LaTeX Font Info:    Overwriting math alphabet `\mathbf' in version `normal'
(Font)                  OT1/cmr/bx/n --> OT1/lmr/bx/n on input line 31.
LaTeX Font Info:    Overwriting math alphabet `\mathsf' in version `normal'
(Font)                  OT1/cmss/m/n --> OT1/lmss/m/n on input line 32.
LaTeX Font Info:    Overwriting math alphabet `\mathit' in version `normal'
(Font)                  OT1/cmr/m/it --> OT1/lmr/m/it on input line 33.
LaTeX Font Info:    Overwriting math alphabet `\mathtt' in version `normal'
(Font)                  OT1/cmtt/m/n --> OT1/lmtt/m/n on input line 34.
LaTeX Font Info:    Overwriting math alphabet `\mathbf' in version `bold'
(Font)                  OT1/cmr/bx/n --> OT1/lmr/bx/n on input line 35.
LaTeX Font Info:    Overwriting math alphabet `\mathsf' in version `bold'
(Font)                  OT1/cmss/bx/n --> OT1/lmss/bx/n on input line 36.
LaTeX Font Info:    Overwriting math alphabet `\mathit' in version `bold'
(Font)                  OT1/cmr/bx/it --> OT1/lmr/bx/it on input line 37.
LaTeX Font Info:    Overwriting math alphabet `\mathtt' in version `bold'
(Font)                  OT1/cmtt/m/n --> OT1/lmtt/m/n on input line 38.
)
(/usr/share/texlive/texmf-dist/tex/latex/graphics/graphics.sty
Package: graphics 2017/06/25 v1.2c Standard LaTeX Graphics (DPC,SPQR)

(/usr/share/texlive/texmf-dist/tex/latex/graphics/trig.sty
Package: trig 2016/01/03 v1.10 sin cos tan (DPC)
)
(/usr/share/texlive/texmf-dist/tex/latex/graphics-cfg/graphics.cfg
File: graphics.cfg 2016/06/04 v1.11 sample graphics configuration
)
Package graphics Info: Driver file: luatex.def on input line 99.

(/usr/share/texlive/texmf-dist/tex/latex/graphics-def/luatex.def
File: luatex.def 2018/01/08 v1.0l Graphics/color driver for luatex
))
(/usr/share/texlive/texmf-dist/tex/latex/graphics/graphicx.sty
Package: graphicx 2017/06/01 v1.1a Enhanced LaTeX Graphics (DPC,SPQR)

(/usr/share/texlive/texmf-dist/tex/latex/graphics/keyval.sty
Package: keyval 2014/10/28 v1.15 key=value parser (DPC)
\KV@toks@=\toks16
)
\Gin@req@height=\dimen103
\Gin@req@width=\dimen104
)
(/usr/share/texlive/texmf-dist/tex/generic/babel/babel.sty
Package: babel 2018/11/13 3.27 The Babel package

(/usr/share/texlive/texmf-dist/tex/generic/babel/switch.def
File: switch.def 2018/11/13 3.27 Babel switching mechanism
)
(/usr/share/texlive/texmf-dist/tex/generic/babel/luababel.def
\l@dumylang=\language2
Package babel Info: Non-standard hyphenation setup on input line 114.
\l@nohyphenation=\language3
\l@ancientgreek=\language4
\l@georgian=\language5
\l@churchslavonic=\language6
\l@galician=\language7
\l@usenglishmax=\language8
\l@bengali=\language9
\l@estonian=\language10
\l@serbianc=\language11
\l@catalan=\language12
\l@ngerman-x-2018-03-31=\language13
\l@esperanto=\language14
\l@ukrainian=\language15
\l@kurmanji=\language16
\l@ibycus=\language17
\l@german-x-2018-03-31=\language18
\l@marathi=\language19
\l@malayalam=\language20
\l@liturgicallatin=\language21
\l@italian=\language22
\l@croatian=\language23
\l@lithuanian=\language24
\l@irish=\language25
\l@pinyin=\language26
\l@french=\language27
\l@romanian=\language28
\l@welsh=\language29
\l@serbian=\language30
\l@polish=\language31
\l@occitan=\language32
\l@german=\language33
\l@telugu=\language34
\l@kannada=\language35
\l@thai=\language36
\l@assamese=\language37
\l@afrikaans=\language38
\l@bokmal=\language39
\l@hungarian=\language40
\l@farsi=\language41
\l@swedish=\language42
\l@hindi=\language43
\l@dutch=\language44
\l@ethiopic=\language45
\l@uppersorbian=\language46
\l@icelandic=\language47
\l@gujarati=\language48
\l@mongolian=\language49
\l@piedmontese=\language50
\l@portuguese=\language51
\l@panjabi=\language52
\l@pali=\language53
\l@greek=\language54
\l@classiclatin=\language55
\l@latin=\language56
\l@bulgarian=\language57
\l@friulan=\language58
\l@mongolianlmc=\language59
\l@nynorsk=\language60
\l@ukenglish=\language61
\l@arabic=\language62
\l@sanskrit=\language63
\l@interlingua=\language64
\l@romansh=\language65
\l@russian=\language66
\l@tamil=\language67
\l@danish=\language68
\l@swissgerman=\language69
\l@ngerman=\language70
\l@monogreek=\language71
\l@slovenian=\language72
\l@turkish=\language73
\l@basque=\language74
\l@finnish=\language75
\l@coptic=\language76
\l@armenian=\language77
\l@czech=\language78
\l@slovak=\language79
\l@belarusian=\language80
\l@turkmen=\language81
\l@oriya=\language82
\l@latvian=\language83
\l@indonesian=\language84
\l@spanish=\language85
)
(/usr/share/texlive/texmf-dist/tex/generic/babel-french/french.ldf
Language: french 2019/01/30 v3.5d French support from the babel system

(/usr/share/texlive/texmf-dist/tex/generic/babel/babel.def
File: babel.def 2018/11/13 3.27 Babel common definitions
\babel@savecnt=\count88
\U@D=\dimen105

(/usr/share/texlive/texmf-dist/tex/generic/babel/luababel.def))
\l@acadian = a dialect from \language\l@french 
\FB@nonchar=\count89
\FB@spacing=\attribute5
\FB@addDPspace=\attribute6
\FB@addGUILspace=\attribute7
\FB@ucsNBSP=\attribute8
\FB@dialect=\attribute9
Package french.ldf Info: No need for active punctuation characters
(french.ldf)             with this version of LuaTeX!
(french.ldf)             reported on input line 249.
\FBguill@level=\count90
\FBold@everypar=\toks17
\FB@Mht=\dimen106
LaTeX Info: Redefining \degres on input line 770.
\mc@charclass=\count91
\mc@charfam=\count92
\mc@charslot=\count93
\std@mcc=\count94
\dec@mcc=\count95
Inserting `frenchb.french_punctuation' at position 1 in `kerning'.
\c@FBcaption@count=\count96
\listindentFB=\dimen107
\descindentFB=\dimen108
\labelindentFB=\dimen109
\labelwidthFB=\dimen110
\leftmarginFB=\dimen111
\parindentFFN=\dimen112
\FBfnindent=\dimen113

(/usr/share/texlive/texmf-dist/tex/generic/hyph-utf8/loadhyph/loadhyph-fr.tex
UTF-8 French hyphenation patterns
(/usr/share/texlive/texmf-dist/tex/generic/hyph-utf8/patterns/tex/hyph-fr.tex)
(/usr/share/texlive/texmf-dist/tex/generic/hyph-utf8/patterns/quote/hyph-quote-
fr.tex)))) (/usr/share/texlive/texmf-dist/tex/latex/carlisle/scalefnt.sty)
(/usr/share/texlive/texmf-dist/tex/latex/preprint/fullpage.sty
Package: fullpage 1999/02/23 1.1 (PWD)
\FP@margin=\skip43
)
(/usr/share/texlive/texmf-dist/tex/latex/float/float.sty
Package: float 2001/11/08 v1.3d Float enhancements (AL)
\c@float@type=\count97
\float@exts=\toks18
\float@box=\box27
\@float@everytoks=\toks19
\@floatcapt=\box28
)
(/usr/share/texlive/texmf-dist/tex/latex/tools/verbatim.sty
Package: verbatim 2014/10/28 v1.5q LaTeX2e package for verbatim enhancements
\every@verbatim=\toks20
\verbatim@line=\toks21
\verbatim@in@stream=\read1
)
(/usr/share/texlive/texmf-dist/tex/latex/footmisc/footmisc.sty
Package: footmisc 2011/06/06 v5.5b a miscellany of footnote facilities
\FN@temptoken=\toks22
\footnotemargin=\dimen114
\c@pp@next@reset=\count98
Package footmisc Info: Declaring symbol style bringhurst on input line 855.
Package footmisc Info: Declaring symbol style chicago on input line 863.
Package footmisc Info: Declaring symbol style wiley on input line 872.
Package footmisc Info: Declaring symbol style lamport-robust on input line 883.
Package footmisc Info: Declaring symbol style lamport* on input line 903.
Package footmisc Info: Declaring symbol style lamport*-robust on input line 924.

)
(/usr/share/texlive/texmf-dist/tex/latex/bigfoot/perpage.sty
Package: perpage 2014/10/25 2.0 Reset/sort counters per page
\c@abspage=\count99
)
(/usr/share/texlive/texmf-dist/tex/generic/ulem/ulem.sty
\UL@box=\box29
\UL@hyphenbox=\box30
\UL@skip=\skip44
\UL@hook=\toks23
\UL@height=\dimen115
\UL@pe=\count100
\UL@pixel=\dimen116
\ULC@box=\box31
Package: ulem 2012/05/18
\ULdepth=\dimen117
)
(/usr/share/texlive/texmf-dist/tex/latex/caption/caption.sty
Package: caption 2018/10/06 v3.3-154 Customizing captions (AR)

(/usr/share/texlive/texmf-dist/tex/latex/caption/caption3.sty
Package: caption3 2018/09/12 v1.8c caption3 kernel (AR)
Package caption3 Info: TeX engine: e-TeX on input line 64.
\captionmargin=\dimen118
\captionmargin@=\dimen119
\captionwidth=\dimen120
\caption@tempdima=\dimen121
\caption@indent=\dimen122
\caption@parindent=\dimen123
\caption@hangindent=\dimen124
)
\c@caption@flags=\count101
\c@ContinuedFloat=\count102
Package caption Info: float package is loaded.
)
(/usr/share/texlive/texmf-dist/tex/latex/hyperref/hyperref.sty
Package: hyperref 2018/11/30 v6.88e Hypertext links for LaTeX

(/usr/share/texlive/texmf-dist/tex/generic/oberdiek/hobsub-hyperref.sty
Package: hobsub-hyperref 2016/05/16 v1.14 Bundle oberdiek, subset hyperref (HO)

(/usr/share/texlive/texmf-dist/tex/generic/oberdiek/hobsub-generic.sty
Package: hobsub-generic 2016/05/16 v1.14 Bundle oberdiek, subset generic (HO)
Package: hobsub 2016/05/16 v1.14 Construct package bundles (HO)
Package: infwarerr 2016/05/16 v1.4 Providing info/warning/error messages (HO)
Package: ltxcmds 2016/05/16 v1.23 LaTeX kernel commands for general use (HO)
Package: ifluatex 2016/05/16 v1.4 Provides the ifluatex switch (HO)
Package ifluatex Info: LuaTeX detected.
Package: ifvtex 2016/05/16 v1.6 Detect VTeX and its facilities (HO)
Package ifvtex Info: VTeX not detected.
Package: intcalc 2016/05/16 v1.2 Expandable calculations with integers (HO)
Package: ifpdf 2018/09/07 v3.3 Provides the ifpdf switch
Package: etexcmds 2016/05/16 v1.6 Avoid name clashes with e-TeX commands (HO)
Package: kvsetkeys 2016/05/16 v1.17 Key value parser (HO)
Package: kvdefinekeys 2016/05/16 v1.4 Define keys (HO)
Package: luatex-loader 2016/05/16 v0.6 Lua module loader (HO)

(/usr/share/texlive/texmf-dist/scripts/oberdiek/oberdiek.luatex.lua)
Package: pdftexcmds 2018/09/10 v0.29 Utility functions of pdfTeX for LuaTeX (HO)

Package pdftexcmds Info: \pdf@primitive is available.
Package pdftexcmds Info: \pdf@ifprimitive is available.
Package pdftexcmds Info: \pdfdraftmode found.
\pdftexcmds@toks=\toks24
Package: pdfescape 2016/05/16 v1.14 Implements pdfTeX's escape features (HO)
Package: bigintcalc 2016/05/16 v1.4 Expandable calculations on big integers (HO)

Package: bitset 2016/05/16 v1.2 Handle bit-vector datatype (HO)
Package: uniquecounter 2016/05/16 v1.3 Provide unlimited unique counter (HO)
)
Package hobsub Info: Skipping package `hobsub' (already loaded).
Package: letltxmacro 2016/05/16 v1.5 Let assignment for LaTeX macros (HO)
Package: hopatch 2016/05/16 v1.3 Wrapper for package hooks (HO)
Package: xcolor-patch 2016/05/16 xcolor patch
Package: atveryend 2016/05/16 v1.9 Hooks at the very end of document (HO)
Package atveryend Info: \enddocument detected (standard20110627).
Package: atbegshi 2016/06/09 v1.18 At begin shipout hook (HO)
Package: refcount 2016/05/16 v3.5 Data extraction from label references (HO)
Package: hycolor 2016/05/16 v1.8 Color options for hyperref/bookmark (HO)
)
(/usr/share/texlive/texmf-dist/tex/generic/ifxetex/ifxetex.sty
Package: ifxetex 2010/09/12 v0.6 Provides ifxetex conditional
)
(/usr/share/texlive/texmf-dist/tex/latex/oberdiek/auxhook.sty
Package: auxhook 2016/05/16 v1.4 Hooks for auxiliary files (HO)
)
(/usr/share/texlive/texmf-dist/tex/latex/oberdiek/kvoptions.sty
Package: kvoptions 2016/05/16 v3.12 Key value format for package options (HO)
)
\@linkdim=\dimen125
\Hy@linkcounter=\count103
\Hy@pagecounter=\count104

(/usr/share/texlive/texmf-dist/tex/latex/hyperref/pd1enc.def
File: pd1enc.def 2018/11/30 v6.88e Hyperref: PDFDocEncoding definition (HO)
)
\Hy@SavedSpaceFactor=\count105

(/usr/share/texlive/texmf-dist/tex/latex/latexconfig/hyperref.cfg
File: hyperref.cfg 2002/06/06 v1.2 hyperref configuration of TeXLive
)
Package hyperref Info: Hyper figures OFF on input line 4519.
Package hyperref Info: Link nesting OFF on input line 4524.
Package hyperref Info: Hyper index ON on input line 4527.
Package hyperref Info: Plain pages OFF on input line 4534.
Package hyperref Info: Backreferencing OFF on input line 4539.
Package hyperref Info: Implicit mode ON; LaTeX internals redefined.
Package hyperref Info: Bookmarks ON on input line 4772.
\c@Hy@tempcnt=\count106

(/usr/share/texlive/texmf-dist/tex/latex/url/url.sty
\Urlmuskip=\muskip10
Package: url 2013/09/16  ver 3.4  Verb mode for urls, etc.
)
LaTeX Info: Redefining \url on input line 5125.
\XeTeXLinkMargin=\dimen126
\Fld@menulength=\count107
\Field@Width=\dimen127
\Fld@charsize=\dimen128
Package hyperref Info: Hyper figures OFF on input line 6380.
Package hyperref Info: Link nesting OFF on input line 6385.
Package hyperref Info: Hyper index ON on input line 6388.
Package hyperref Info: backreferencing OFF on input line 6395.
Package hyperref Info: Link coloring OFF on input line 6400.
Package hyperref Info: Link coloring with OCG OFF on input line 6405.
Package hyperref Info: PDF/A mode OFF on input line 6410.
LaTeX Info: Redefining \ref on input line 6450.
LaTeX Info: Redefining \pageref on input line 6454.
\Hy@abspage=\count108
\c@Item=\count109
\c@Hfootnote=\count110
)
Package hyperref Info: Driver (autodetected): hluatex.

(/usr/share/texlive/texmf-dist/tex/latex/hyperref/hluatex.def
File: hluatex.def 2018/11/30 v6.88e Hyperref driver for luaTeX
\Fld@listcount=\count111
\c@bookmark@seq@number=\count112

(/usr/share/texlive/texmf-dist/tex/latex/oberdiek/rerunfilecheck.sty
Package: rerunfilecheck 2016/05/16 v1.8 Rerun checks for auxiliary files (HO)
Package uniquecounter Info: New unique counter `rerunfilecheck' on input line 28
2.
)
\Hy@SectionHShift=\skip45
)
(/usr/share/texlive/texmf-dist/tex/latex/tools/longtable.sty
Package: longtable 2014/10/28 v4.11 Multi-page Table package (DPC)+ FMi change
\LTleft=\skip46
\LTright=\skip47
\LTpre=\skip48
\LTpost=\skip49
\LTchunksize=\count113
\LTcapwidth=\dimen129
\LT@head=\box32
\LT@firsthead=\box33
\LT@foot=\box34
\LT@lastfoot=\box35
\LT@cols=\count114
\LT@rows=\count115
\c@LT@tables=\count116
\c@LT@chunks=\count117
\LT@p@ftn=\toks25
)
\c@pp@a@footnote=\count118

(/usr/share/texlive/texmf-dist/tex/latex/wrapfig/wrapfig.sty
\wrapoverhang=\dimen130
\WF@size=\dimen131
\c@WF@wrappedlines=\count119
\WF@box=\box36
\WF@everypar=\toks26
Package: wrapfig 2003/01/31  v 3.6
)
(/usr/share/texlive/texmf-dist/tex/latex/blindtext/blindtext.sty
Package: blindtext 2012/01/06 V2.0 blindtext-Package

(/usr/share/texlive/texmf-dist/tex/latex/tools/xspace.sty
Package: xspace 2014/10/28 v1.13 Space after command names (DPC,MH)
)
\c@blindtext=\count120
\c@Blindtext=\count121
\c@blind@countparstart=\count122
\blind@countxx=\count123
\blindtext@numBlindtext=\count124
\blind@countyy=\count125
\c@blindlist=\count126
\c@blindlistlevel=\count127
\c@blindlist@level=\count128
\blind@listitem=\count129
\c@blind@listcount=\count130
\c@blind@levelcount=\count131
\blind@mathformula=\count132
\blind@Mathformula=\count133
\c@blind@randomcount=\count134
\c@blind@randommax=\count135
\c@blind@pangramcount=\count136
\c@blind@pangrammax=\count137
) (./GF2.aux)
\openout1 = GF2.aux

LaTeX Font Info:    Checking defaults for OML/cmm/m/it on input line 22.
LaTeX Font Info:    ... okay on input line 22.
LaTeX Font Info:    Checking defaults for T1/cmr/m/n on input line 22.
LaTeX Font Info:    ... okay on input line 22.
LaTeX Font Info:    Checking defaults for OT1/cmr/m/n on input line 22.
LaTeX Font Info:    ... okay on input line 22.
LaTeX Font Info:    Checking defaults for OMS/cmsy/m/n on input line 22.
LaTeX Font Info:    ... okay on input line 22.
LaTeX Font Info:    Checking defaults for TU/lmr/m/n on input line 22.
LaTeX Font Info:    ... okay on input line 22.
LaTeX Font Info:    Checking defaults for OMX/cmex/m/n on input line 22.
LaTeX Font Info:    ... okay on input line 22.
LaTeX Font Info:    Checking defaults for U/cmr/m/n on input line 22.
LaTeX Font Info:    ... okay on input line 22.
LaTeX Font Info:    Checking defaults for PD1/pdf/m/n on input line 22.
LaTeX Font Info:    ... okay on input line 22.

(/usr/share/texlive/texmf-dist/tex/context/base/mkii/supp-pdf.mkii
[Loading MPS to PDF converter (version 2006.09.02).]
\scratchcounter=\count138
\scratchdimen=\dimen132
\scratchbox=\box37
\nofMPsegments=\count139
\nofMParguments=\count140
\everyMPshowfont=\toks27
\MPscratchCnt=\count141
\MPscratchDim=\dimen133
\MPnumerator=\count142
\makeMPintoPDFobject=\count143
\everyMPtoPDFconversion=\toks28
) (/usr/share/texlive/texmf-dist/tex/latex/oberdiek/epstopdf-base.sty
Package: epstopdf-base 2016/05/15 v2.6 Base part for package epstopdf

(/usr/share/texlive/texmf-dist/tex/latex/oberdiek/grfext.sty
Package: grfext 2016/05/16 v1.2 Manage graphics extensions (HO)
)
Package epstopdf-base Info: Redefining graphics rule for `.eps' on input line 43
8.
Package grfext Info: Graphics extension search list:
(grfext)             [.pdf,.png,.jpg,.mps,.jpeg,.jbig2,.jb2,.PDF,.PNG,.JPG,.JPEG
,.JBIG2,.JB2,.eps]
(grfext)             \AppendGraphicsExtensions on input line 456.

(/usr/share/texlive/texmf-dist/tex/latex/latexconfig/epstopdf-sys.cfg
File: epstopdf-sys.cfg 2010/07/13 v1.3 Configuration of (r)epstopdf for TeX Live

))
LaTeX Info: Redefining \dots on input line 22.
LaTeX Info: Redefining \up on input line 22.
Package caption Info: Begin \AtBeginDocument code.
Package caption Info: hyperref package is loaded.
Package caption Info: longtable package is loaded.

(/usr/share/texlive/texmf-dist/tex/latex/caption/ltcaption.sty
Package: ltcaption 2018/08/26 v1.4-95 longtable captions (AR)
)
Package caption Info: wrapfig package is loaded.
Package caption Info: End \AtBeginDocument code.
\AtBeginShipoutBox=\box38
Package hyperref Info: Link coloring OFF on input line 22.

(/usr/share/texlive/texmf-dist/tex/latex/hyperref/nameref.sty
Package: nameref 2016/05/21 v2.44 Cross-referencing by name of section

(/usr/share/texlive/texmf-dist/tex/generic/oberdiek/gettitlestring.sty
Package: gettitlestring 2016/05/16 v1.5 Cleanup title references (HO)
)
\c@section@level=\count144
)
LaTeX Info: Redefining \ref on input line 22.
LaTeX Info: Redefining \pageref on input line 22.
LaTeX Info: Redefining \nameref on input line 22.

(./GF2.out) (./GF2.out)
\@outlinefile=\write3

\openout3 = GF2.out
<adcp.png, id=48, 455.7025pt x 229.85875pt>
File: adcp.png Graphic file (type png)
<use adcp.png>
Package luatex.def Info: adcp.png  used on input line 40.
(luatex.def)             Requested size: 375.80544pt x 189.56213pt.
LaTeX Font Info:    Try loading font information for OT1+lmr on input line 49.
 (/usr/share/texmf/tex/latex/lm/ot1lmr.fd
File: ot1lmr.fd 2009/10/30 v1.6 Font defs for Latin Modern
)
LaTeX Font Info:    Try loading font information for OML+lmm on input line 49.

(/usr/share/texmf/tex/latex/lm/omllmm.fd
File: omllmm.fd 2009/10/30 v1.6 Font defs for Latin Modern
)
LaTeX Font Info:    Try loading font information for OMS+lmsy on input line 49.

(/usr/share/texmf/tex/latex/lm/omslmsy.fd
File: omslmsy.fd 2009/10/30 v1.6 Font defs for Latin Modern
)
LaTeX Font Info:    Try loading font information for OMX+lmex on input line 49.

(/usr/share/texmf/tex/latex/lm/omxlmex.fd
File: omxlmex.fd 2009/10/30 v1.6 Font defs for Latin Modern
)
LaTeX Font Info:    External font `lmex10' loaded for size
(Font)              <12> on input line 49.
LaTeX Font Info:    External font `lmex10' loaded for size
(Font)              <8> on input line 49.
LaTeX Font Info:    External font `lmex10' loaded for size
(Font)              <6> on input line 49.
 [1

{/var/lib/texmf/fonts/map/pdftex/updmap/pdftex.map}
Missing character: There is no ’ (U+2019) in font ec-lmbx12!
Missing character: There is no ’ (U+2019) in font ec-lmr12!
Missing character: There is no ’ (U+2019) in font ec-lmr12!
Missing character: There is no ’ (U+2019) in font ec-lmr12!
Missing character: There is no ’ (U+2019) in font ec-lmr12!
<./adcp.png>]
<1703F03depth.png, id=60, 722.7pt x 361.35pt>
File: 1703F03depth.png Graphic file (type png)
<use 1703F03depth.png>
Package luatex.def Info: 1703F03depth.png  used on input line 59.
(luatex.def)             Requested size: 375.80544pt x 187.90308pt.
<1703F03scatterdirection.png, id=61, 1806.75pt x 722.7pt>
File: 1703F03scatterdirection.png Graphic file (type png)
<use 1703F03scatterdirection.png>
Package luatex.def Info: 1703F03scatterdirection.png  used on input line 70.
(luatex.def)             Requested size: 375.80544pt x 150.31584pt.

Underfull \hbox (badness 10000) in paragraph at lines 74--76

 []

<1703F03scatterintensity.png, id=62, 1806.75pt x 722.7pt>
File: 1703F03scatterintensity.png Graphic file (type png)
<use 1703F03scatterintensity.png>
Package luatex.def Info: 1703F03scatterintensity.png  used on input line 79.
(luatex.def)             Requested size: 375.80544pt x 150.31584pt.

Underfull \hbox (badness 10000) in paragraph at lines 83--85

 []

[2<./1703F03depth.png>]
<1703F03scatterv2.png, id=71, 1806.75pt x 722.7pt>
File: 1703F03scatterv2.png Graphic file (type png)
<use 1703F03scatterv2.png>
Package luatex.def Info: 1703F03scatterv2.png  used on input line 88.
(luatex.def)             Requested size: 375.80544pt x 150.31584pt.

Underfull \hbox (badness 10000) in paragraph at lines 92--94

 []

[3<./1703F03scatterdirection.png><./1703F03scatterintensity.png>]
<1703F03scatterv1.png, id=81, 1806.75pt x 722.7pt>
File: 1703F03scatterv1.png Graphic file (type png)
<use 1703F03scatterv1.png>
Package luatex.def Info: 1703F03scatterv1.png  used on input line 97.
(luatex.def)             Requested size: 375.80544pt x 150.31584pt.

Underfull \hbox (badness 10000) in paragraph at lines 101--103

 []

[4<./1703F03scatterv2.png><./1703F03scatterv1.png>]
<180321021scatterdirection.png, id=90, 1335.5496pt x 706.0779pt>
File: 180321021scatterdirection.png Graphic file (type png)
<use 180321021scatterdirection.png>
Package luatex.def Info: 180321021scatterdirection.png  used on input line 110.
(luatex.def)             Requested size: 375.80544pt x 198.68088pt.

Underfull \hbox (badness 10000) in paragraph at lines 114--116

 []

<180321021scatterintensity.png, id=91, 1335.5496pt x 706.0779pt>
File: 180321021scatterintensity.png Graphic file (type png)
<use 180321021scatterintensity.png>
Package luatex.def Info: 180321021scatterintensity.png  used on input line 119.
(luatex.def)             Requested size: 375.80544pt x 198.68088pt.

Underfull \hbox (badness 10000) in paragraph at lines 123--124

 []

<180321021scatterv2.png, id=92, 1335.5496pt x 706.0779pt>
File: 180321021scatterv2.png Graphic file (type png)
<use 180321021scatterv2.png>
Package luatex.def Info: 180321021scatterv2.png  used on input line 127.
(luatex.def)             Requested size: 375.80544pt x 198.68088pt.

Underfull \hbox (badness 10000) in paragraph at lines 131--132

 []

<180321021scatterv1.png, id=93, 1335.5496pt x 706.0779pt>
File: 180321021scatterv1.png Graphic file (type png)
<use 180321021scatterv1.png>
Package luatex.def Info: 180321021scatterv1.png  used on input line 135.
(luatex.def)             Requested size: 375.80544pt x 198.68088pt.

Underfull \hbox (badness 10000) in paragraph at lines 139--140

 []

<Figure_2.png, id=94, 1335.5496pt x 706.0779pt>
File: Figure_2.png Graphic file (type png)
<use Figure_2.png>
Package luatex.def Info: Figure_2.png  used on input line 143.
(luatex.def)             Requested size: 375.80544pt x 198.68088pt.

Underfull \hbox (badness 10000) in paragraph at lines 150--151

 []

[5

<./180321021scatterdirection.png>]
<18032102scatterdirection.png, id=101, 1445.4pt x 722.7pt>
File: 18032102scatterdirection.png Graphic file (type png)
<use 18032102scatterdirection.png>
Package luatex.def Info: 18032102scatterdirection.png  used on input line 154.
(luatex.def)             Requested size: 375.80544pt x 187.89757pt.
<18032102scatterintensity.png, id=102, 1445.4pt x 722.7pt>
File: 18032102scatterintensity.png Graphic file (type png)
<use 18032102scatterintensity.png>
Package luatex.def Info: 18032102scatterintensity.png  used on input line 162.
(luatex.def)             Requested size: 375.80544pt x 187.89757pt.

Underfull \hbox (badness 10000) in paragraph at lines 166--167

 []

[6<./180321021scatterintensity.png><./180321021scatterv2.png>]
<18032102scatterv2.png, id=111, 1445.4pt x 722.7pt>
File: 18032102scatterv2.png Graphic file (type png)
<use 18032102scatterv2.png>
Package luatex.def Info: 18032102scatterv2.png  used on input line 170.
(luatex.def)             Requested size: 375.80544pt x 187.89757pt.

Underfull \hbox (badness 10000) in paragraph at lines 174--175

 []

<18032102scatterv1.png, id=112, 1445.4pt x 722.7pt>
File: 18032102scatterv1.png Graphic file (type png)
<use 18032102scatterv1.png>
Package luatex.def Info: 18032102scatterv1.png  used on input line 178.
(luatex.def)             Requested size: 375.80544pt x 187.89757pt.

Underfull \hbox (badness 10000) in paragraph at lines 182--183

 []

[7<./180321021scatterv1.png><./Figure_2.png>]
Package atveryend Info: Empty hook `BeforeClearDocument' on input line 188.
 [8<./18032102scatterdirection.png><./18032102scatterintensity.png>] [9<./180321
02scatterv2.png><./18032102scatterv1.png>]
Package atveryend Info: Empty hook `AfterLastShipout' on input line 188.
 (./GF2.aux)
Package atveryend Info: Executing hook `AtVeryEndDocument' on input line 188.
Package atveryend Info: Executing hook `AtEndAfterFileList' on input line 188.
Package rerunfilecheck Info: File `GF2.out' has not changed.
(rerunfilecheck)             Checksum: 9859B793498BE7C2ED332585905D69E3;694.
Package atveryend Info: Empty hook `AtVeryVeryEnd' on input line 188.
)

Here is how much of LuaTeX's memory you used:
 8915 strings out of 494383
 100000,266212 words of node,token memory allocated
 50223 words of node memory still in use:
   3 hlist, 1 vlist, 1 rule, 17 glue, 3 kern, 1 penalty, 6880 glyph, 667 attribu
te, 51 glue_spec, 112 attribute_list, 1 write nodes
   avail lists: 2:1204,3:128,4:16,5:53,6:24,7:1379,8:49,9:141,10:14,11:171
 12685 multiletter control sequences out of 65536+600000
 36 fonts using 2278007 bytes
 36i,5n,41p,588b,395s stack positions out of 5000i,500n,10000p,200000b,100000s
{/usr/share/texmf/fonts/enc/dvips/lm/lm-rm.enc}{/usr/share/texmf/fonts/enc/dvips
/lm/lm-mathit.enc}{/usr/share/texmf/fonts/enc/dvips/lm/lm-mathsy.enc}{/usr/share
/texmf/fonts/enc/dvips/lm/lm-ec.enc}</usr/share/texmf/fonts/type1/public/lm/lmbx
12.pfb></usr/share/texmf/fonts/type1/public/lm/lmcsc10.pfb></usr/share/texmf/fon
ts/type1/public/lm/lmmi12.pfb></usr/share/texmf/fonts/type1/public/lm/lmr12.pfb>
</usr/share/texmf/fonts/type1/public/lm/lmr8.pfb></usr/share/texmf/fonts/type1/p
ublic/lm/lmri12.pfb></usr/share/texmf/fonts/type1/public/lm/lmsy8.pfb>
Output written on GF2.pdf (9 pages, 1727632 bytes).

PDF statistics: 170 PDF objects out of 1000 (max. 8388607)
 120 compressed objects within 2 object streams
 36 named destinations out of 1000 (max. 131072)
 89 words of extra memory for PDF output out of 10000 (max. 100000000)

